2022-04-28 20:02:05.399  INFO 14700 --- [main] c.f.integrador.IntegradorApplication     : Starting IntegradorApplication using Java 16.0.2 on DESKTOP-LOAUKMO with PID 14700 (C:\Users\Franco\Documents\Backend\integrador\target\classes started by Franco in C:\Users\Franco\Documents\Backend\integrador)
2022-04-28 20:02:05.408  INFO 14700 --- [main] c.f.integrador.IntegradorApplication     : No active profile set, falling back to 1 default profile: "default"
2022-04-28 20:02:06.227  INFO 14700 --- [main] .s.d.r.c.RepositoryConfigurationDelegate : Bootstrapping Spring Data JPA repositories in DEFAULT mode.
2022-04-28 20:02:06.307  INFO 14700 --- [main] .s.d.r.c.RepositoryConfigurationDelegate : Finished Spring Data repository scanning in 69 ms. Found 5 JPA repository interfaces.
2022-04-28 20:02:06.869  INFO 14700 --- [main] o.s.b.w.embedded.tomcat.TomcatWebServer  : Tomcat initialized with port(s): 8080 (http)
2022-04-28 20:02:06.880  INFO 14700 --- [main] o.apache.catalina.core.StandardService   : Starting service [Tomcat]
2022-04-28 20:02:06.880  INFO 14700 --- [main] org.apache.catalina.core.StandardEngine  : Starting Servlet engine: [Apache Tomcat/9.0.60]
2022-04-28 20:02:06.985  INFO 14700 --- [main] o.a.c.c.C.[Tomcat].[localhost].[/]       : Initializing Spring embedded WebApplicationContext
2022-04-28 20:02:06.986  INFO 14700 --- [main] w.s.c.ServletWebServerApplicationContext : Root WebApplicationContext: initialization completed in 1535 ms
2022-04-28 20:02:07.124  INFO 14700 --- [main] com.zaxxer.hikari.HikariDataSource       : HikariPool-1 - Starting...
2022-04-28 20:02:07.288  INFO 14700 --- [main] com.zaxxer.hikari.HikariDataSource       : HikariPool-1 - Start completed.
2022-04-28 20:02:07.346  INFO 14700 --- [main] o.hibernate.jpa.internal.util.LogHelper  : HHH000204: Processing PersistenceUnitInfo [name: default]
2022-04-28 20:02:07.416  INFO 14700 --- [main] org.hibernate.Version                    : HHH000412: Hibernate ORM core version 5.6.7.Final
2022-04-28 20:02:07.609  INFO 14700 --- [main] o.hibernate.annotations.common.Version   : HCANN000001: Hibernate Commons Annotations {5.1.2.Final}
2022-04-28 20:02:07.729  INFO 14700 --- [main] org.hibernate.dialect.Dialect            : HHH000400: Using dialect: org.hibernate.dialect.H2Dialect
2022-04-28 20:02:08.270  INFO 14700 --- [main] o.h.e.t.j.p.i.JtaPlatformInitiator       : HHH000490: Using JtaPlatform implementation: [org.hibernate.engine.transaction.jta.platform.internal.NoJtaPlatform]
2022-04-28 20:02:08.274  INFO 14700 --- [main] j.LocalContainerEntityManagerFactoryBean : Initialized JPA EntityManagerFactory for persistence unit 'default'
2022-04-28 20:02:08.758  WARN 14700 --- [main] JpaBaseConfiguration$JpaWebConfiguration : spring.jpa.open-in-view is enabled by default. Therefore, database queries may be performed during view rendering. Explicitly configure spring.jpa.open-in-view to disable this warning
2022-04-28 20:02:08.974  INFO 14700 --- [main] o.s.b.a.w.s.WelcomePageHandlerMapping    : Adding welcome page: class path resource [static/index.html]
2022-04-28 20:02:09.037  INFO 14700 --- [main] o.s.s.web.DefaultSecurityFilterChain     : Will not secure any request
2022-04-28 20:02:09.182  INFO 14700 --- [main] o.s.b.w.embedded.tomcat.TomcatWebServer  : Tomcat started on port(s): 8080 (http) with context path ''
2022-04-28 20:02:09.191  INFO 14700 --- [main] c.f.integrador.IntegradorApplication     : Started IntegradorApplication in 4.197 seconds (JVM running for 4.768)
2022-04-28 20:02:24.751  INFO 14700 --- [http-nio-8080-exec-1] o.a.c.c.C.[Tomcat].[localhost].[/]       : Initializing Spring DispatcherServlet 'dispatcherServlet'
2022-04-28 20:02:24.751  INFO 14700 --- [http-nio-8080-exec-1] o.s.web.servlet.DispatcherServlet        : Initializing Servlet 'dispatcherServlet'
2022-04-28 20:02:24.752  INFO 14700 --- [http-nio-8080-exec-1] o.s.web.servlet.DispatcherServlet        : Completed initialization in 0 ms
